<?xml version="1.0" encoding="UTF-8"?>
<!-- Generated by org.testng.reporters.JUnitReportReporter -->
<testsuite hostname="Meenakshis-MacBook-Pro.local" failures="0" tests="1" name="com.example.Testcase" time="0.158" errors="0" timestamp="2023-04-24T22:45:20 CDT" skipped="0">
  <testcase classname="com.example.Testcase" name="testcase1" time="0.158"/>
  <system-out/>
</testsuite> <!-- com.example.Testcase -->
